<?xml version="1.0" encoding="UTF-8"?>
<!-- Generated by org.testng.reporters.JUnitReportReporter -->
<testsuite hostname="Jarvis-Skynet" failures="0" tests="1" name="com.qa.testscript.TC_HotelsBooking_001" time="133.211" errors="0" timestamp="2021-09-20T11:23:29 IST" skipped="0">
  <testcase classname="com.qa.testscript.TC_HotelsBooking_001" name="HotelsBooking" time="133.211"/>
  <system-out>
    <![CDATA[India is selected
Hyderabad
City
1339 Hotels
Near Nampally Train Station, Hyderabad
Area
215 Hotels
Secunderabad, Hyderabad
Area
142 Hotels
Gachibowli, Hyderabad
Area
129 Hotels
Rajiv Gandhi Intl Airport ( HYD ), Hyderabad
Airport
533 Hotels
Hyderabad Biryani House, Ooty
Landmark
261 Hotels
CARE Hospitals - Banjara Hills, Hyderabad, Hyderabad
Landmark
328 Hotels
Hyderabad days, Hyderabad
Hotel
Hyderabad Marriott Hotel and Convention Centre, Hyderabad
Hotel
4.4 / 5
Pay At hotel is Clicked
Price Range Clicked
Clear is Clicked
Hotel Rainbow Tower Shamshabad Airport Zone
Blue Dawn Suites Service Appartment
Aditya Hometel Hyderabad - A Sarovar Hotel
OYO 11316 Athithi Inn
2846
2761
3583
3860
Room optionsis clicked
Amenities is clicked
Guestreview is clicked
hotelpolicies is clicked
User in the Booking Page/Payment Page
FirstName Input is Correctly Entered
LastName Input is entered Correctly]]>
  </system-out>
</testsuite> <!-- com.qa.testscript.TC_HotelsBooking_001 -->
