<?xml version="1.0" encoding="UTF-8"?>
<!-- Generated by org.testng.reporters.JUnitReportReporter -->
<testsuite hostname="Jarvis-Skynet" failures="0" tests="1" name="com.qa.testscript.TC_TrainModule_001" time="82.457" errors="0" timestamp="2021-09-20T12:21:43 IST" skipped="0">
  <testcase classname="com.qa.testscript.TC_TrainModule_001" name="bookTrain" time="82.457"/>
  <system-out>
    <![CDATA[Navigated to Train category successfully.
Searched the train successfully.
Choosen the train successfully.
The payment page is displayed successfully.]]>
  </system-out>
</testsuite> <!-- com.qa.testscript.TC_TrainModule_001 -->
