<?xml version="1.0" encoding="UTF-8"?>
<!-- Generated by org.testng.reporters.JUnitReportReporter -->
<testsuite hostname="Jarvis-Skynet" failures="0" tests="6" name="com.qa.testscript.TC_flights_001" time="57.166" errors="0" timestamp="2021-09-14T18:21:19 IST" skipped="0">
  <testcase classname="com.qa.testscript.TC_flights_001" name="searchFlight" time="7.730"/>
  <system-out/>
  <testcase classname="com.qa.testscript.TC_flights_001" name="chooseDate" time="3.566"/>
  <system-out/>
  <testcase classname="com.qa.testscript.TC_flights_001" name="choosePassengerAndEconomy" time="7.391"/>
  <system-out/>
  <testcase classname="com.qa.testscript.TC_flights_001" name="chooseFlightsByPreference" time="8.330"/>
  <system-out/>
  <testcase classname="com.qa.testscript.TC_flights_001" name="getFights" time="26.988"/>
  <system-out>
    <![CDATA[Vistara
BOM
10:25
2h 15m
Non-Stop
DEL
12:40
22,140
Vistara
BOM
10:25
2h 15m
Non-Stop
DEL
12:40
22,140
Vistara
BOM
10:25
2h 15m
Non-Stop
DEL
12:40
22,140
Vistara
BOM
10:25
2h 15m
Non-Stop
DEL
12:40
22,140
Vistara
BOM
10:25
2h 15m
Non-Stop
DEL
12:40
22,140
Vistara
BOM
10:25
2h 15m
Non-Stop
DEL
12:40
22,140
Vistara
BOM
10:25
2h 15m
Non-Stop
DEL
12:40
22,140
Vistara
BOM
10:25
2h 15m
Non-Stop
DEL
12:40
22,140
Vistara
BOM
10:25
2h 15m
Non-Stop
DEL
12:40
22,140
Vistara
BOM
10:25
2h 15m
Non-Stop
DEL
12:40
22,140
Vistara
BOM
10:25
2h 15m
Non-Stop
DEL
12:40
22,140
Vistara
BOM
10:25
2h 15m
Non-Stop
DEL
12:40
22,140
Vistara
BOM
10:25
2h 15m
Non-Stop
DEL
12:40
22,140]]>
  </system-out>
  <testcase classname="com.qa.testscript.TC_flights_001" name="getScreenshotOfPaymentMethod" time="3.161"/>
  <system-out/>
</testsuite> <!-- com.qa.testscript.TC_flights_001 -->
