<?xml version="1.0" encoding="UTF-8"?>
<!-- Generated by org.testng.reporters.JUnitReportReporter -->
<testsuite hostname="Jarvis-Skynet" failures="0" tests="1" name="com.qa.testscript.TC_BusModule_001" time="33.690" errors="0" timestamp="2021-09-20T11:34:45 IST" skipped="0">
  <testcase classname="com.qa.testscript.TC_BusModule_001" name="BusModule" time="33.690"/>
  <system-out/>
</testsuite> <!-- com.qa.testscript.TC_BusModule_001 -->
