<?xml version="1.0" encoding="UTF-8"?>
<!-- Generated by org.testng.reporters.JUnitReportReporter -->
<testsuite hostname="Jarvis-Skynet" failures="0" tests="1" name="com.qa.testscript.TC_BusModule_001" time="34.799" errors="0" timestamp="2021-09-22T17:44:04 IST" skipped="0">
  <testcase classname="com.qa.testscript.TC_BusModule_001" name="BusModule" time="34.799"/>
  <system-out/>
</testsuite> <!-- com.qa.testscript.TC_BusModule_001 -->
